<?xml version='1.0'?>
<ns2:test-suite xmlns:ns2='urn:model.allure.qatools.yandex.ru' start='1677041287675' stop='1677041293632'>
    <name>Category: Successfully Add new category</name>
    <title>Category: Successfully Add new category</title>
    <test-cases>
        <test-case start='1677041287675' status='passed' stop='1677041287678'>
            <name></name>
            <title></title>
            <labels>
                <label name='language' value='javascript'/>
                <label name='framework' value='wdio'/>
                <label name='thread' value='0-0'/>
            </labels>
            <parameters>
                <parameter kind='argument' name='browser' value='chrome-110.0.5481.104'/>
            </parameters>
            <steps/>
            <attachments/>
        </test-case>
        <test-case start='1677041287678' status='broken' stop='1677041293616'>
            <name>Given I am on the login page</name>
            <title>Given I am on the login page</title>
            <labels>
                <label name='language' value='javascript'/>
                <label name='framework' value='wdio'/>
                <label name='thread' value='0-0'/>
            </labels>
            <parameters>
                <parameter kind='argument' name='browser' value='chrome-110.0.5481.104'/>
            </parameters>
            <steps>
                <step start='1677041287679' status='passed' stop='1677041289674'>
                    <name>POST /session/:sessionId/url</name>
                    <title>POST /session/:sessionId/url</title>
                    <attachments>
                        <attachment title='Request' source='61b87fed-b714-4029-b710-0af676093726-attachment.json' type='application/json' size='47'/>
                    </attachments>
                    <steps/>
                </step>
            </steps>
            <attachments>
                <attachment title='Response' source='0906d905-c475-4e07-85d4-76424f86ab45-attachment.json' type='application/json' size='2'/>
            </attachments>
            <failure>
                <message>invalid session id: invalid session id</message>
                <stack-trace>invalid session id: invalid session id
                    at processTicksAndRejections (node:internal/process/task_queues:96:5)
                    at async World.&lt;anonymous> (C:\Users\User\wdioCucumberTs\features\step-definitions\login.step.ts:9:5)</stack-trace>
            </failure>
        </test-case>
        <test-case start='1677041293616' status='pending' stop='1677041293617'>
            <name>When I input rahmansopian6@gmail.com as email</name>
            <title>When I input rahmansopian6@gmail.com as email</title>
            <labels>
                <label name='language' value='javascript'/>
                <label name='framework' value='wdio'/>
                <label name='thread' value='0-0'/>
            </labels>
            <parameters>
                <parameter kind='argument' name='browser' value='chrome-110.0.5481.104'/>
            </parameters>
            <steps/>
            <attachments/>
        </test-case>
        <test-case start='1677041293617' status='pending' stop='1677041293617'>
            <name>When I input P@ssw0rd as password</name>
            <title>When I input P@ssw0rd as password</title>
            <labels>
                <label name='language' value='javascript'/>
                <label name='framework' value='wdio'/>
                <label name='thread' value='0-0'/>
            </labels>
            <parameters>
                <parameter kind='argument' name='browser' value='chrome-110.0.5481.104'/>
            </parameters>
            <steps/>
            <attachments/>
        </test-case>
        <test-case start='1677041293618' status='pending' stop='1677041293618'>
            <name>When I click button submit</name>
            <title>When I click button submit</title>
            <labels>
                <label name='language' value='javascript'/>
                <label name='framework' value='wdio'/>
                <label name='thread' value='0-0'/>
            </labels>
            <parameters>
                <parameter kind='argument' name='browser' value='chrome-110.0.5481.104'/>
            </parameters>
            <steps/>
            <attachments/>
        </test-case>
        <test-case start='1677041293618' status='pending' stop='1677041293619'>
            <name>Then I should see dashboard page</name>
            <title>Then I should see dashboard page</title>
            <labels>
                <label name='language' value='javascript'/>
                <label name='framework' value='wdio'/>
                <label name='thread' value='0-0'/>
            </labels>
            <parameters>
                <parameter kind='argument' name='browser' value='chrome-110.0.5481.104'/>
            </parameters>
            <steps/>
            <attachments/>
        </test-case>
        <test-case start='1677041293619' status='pending' stop='1677041293620'>
            <name>Given I am on category page</name>
            <title>Given I am on category page</title>
            <labels>
                <label name='language' value='javascript'/>
                <label name='framework' value='wdio'/>
                <label name='thread' value='0-0'/>
            </labels>
            <parameters>
                <parameter kind='argument' name='browser' value='chrome-110.0.5481.104'/>
            </parameters>
            <steps/>
            <attachments/>
        </test-case>
        <test-case start='1677041293620' status='pending' stop='1677041293620'>
            <name>When I click button tambah</name>
            <title>When I click button tambah</title>
            <labels>
                <label name='language' value='javascript'/>
                <label name='framework' value='wdio'/>
                <label name='thread' value='0-0'/>
            </labels>
            <parameters>
                <parameter kind='argument' name='browser' value='chrome-110.0.5481.104'/>
            </parameters>
            <steps/>
            <attachments/>
        </test-case>
        <test-case start='1677041293620' status='broken' stop='1677041293621'>
            <name>When I input  as nama</name>
            <title>When I input  as nama</title>
            <labels>
                <label name='language' value='javascript'/>
                <label name='framework' value='wdio'/>
                <label name='thread' value='0-0'/>
            </labels>
            <parameters>
                <parameter kind='argument' name='browser' value='chrome-110.0.5481.104'/>
            </parameters>
            <steps/>
            <attachments/>
            <failure>
                <message>Step "I input  as nama" is not defined. You can ignore this error by setting cucumberOpts.ignoreUndefinedDefinitions as true.</message>
                <stack-trace>Step "I input  as nama" is not defined. You can ignore this error by setting cucumberOpts.ignoreUndefinedDefinitions as true.
                	at Feature(C:\Users\User\wdioCucumberTs\features\category.feature):1:1
                	at Scenario(Successfully Add new category):11:1
                	at Step(I input &lt;nama> as nama):15:5
                </stack-trace>
            </failure>
        </test-case>
        <test-case start='1677041293621' status='broken' stop='1677041293622'>
            <name>When I input  as description</name>
            <title>When I input  as description</title>
            <labels>
                <label name='language' value='javascript'/>
                <label name='framework' value='wdio'/>
                <label name='thread' value='0-0'/>
            </labels>
            <parameters>
                <parameter kind='argument' name='browser' value='chrome-110.0.5481.104'/>
            </parameters>
            <steps/>
            <attachments/>
            <failure>
                <message>Step "I input  as description" is not defined. You can ignore this error by setting cucumberOpts.ignoreUndefinedDefinitions as true.</message>
                <stack-trace>Step "I input  as description" is not defined. You can ignore this error by setting cucumberOpts.ignoreUndefinedDefinitions as true.
                	at Feature(C:\Users\User\wdioCucumberTs\features\category.feature):1:1
                	at Scenario(Successfully Add new category):11:1
                	at Step(I input &lt;deskripsi> as description):16:5
                </stack-trace>
            </failure>
        </test-case>
        <test-case start='1677041293622' status='pending' stop='1677041293622'>
            <name>When I click button simpan</name>
            <title>When I click button simpan</title>
            <labels>
                <label name='language' value='javascript'/>
                <label name='framework' value='wdio'/>
                <label name='thread' value='0-0'/>
            </labels>
            <parameters>
                <parameter kind='argument' name='browser' value='chrome-110.0.5481.104'/>
            </parameters>
            <steps/>
            <attachments/>
        </test-case>
        <test-case start='1677041293622' status='pending' stop='1677041293622'>
            <name>Then I should see success message</name>
            <title>Then I should see success message</title>
            <labels>
                <label name='language' value='javascript'/>
                <label name='framework' value='wdio'/>
                <label name='thread' value='0-0'/>
            </labels>
            <parameters>
                <parameter kind='argument' name='browser' value='chrome-110.0.5481.104'/>
            </parameters>
            <steps/>
            <attachments/>
        </test-case>
        <test-case start='1677041293622' status='passed' stop='1677041293632'>
            <name></name>
            <title></title>
            <labels>
                <label name='language' value='javascript'/>
                <label name='framework' value='wdio'/>
                <label name='thread' value='0-0'/>
            </labels>
            <parameters>
                <parameter kind='argument' name='browser' value='chrome-110.0.5481.104'/>
            </parameters>
            <steps>
                <step start='1677041293623' status='undefined'>
                    <name>POST /session/:sessionId/url</name>
                    <title>POST /session/:sessionId/url</title>
                    <attachments>
                        <attachment title='Request' source='896f692e-5262-42d4-9098-c92bc0fb08c6-attachment.json' type='application/json' size='47'/>
                    </attachments>
                    <steps>
                        <step start='1677041293626' status='undefined'>
                            <name>DELETE /session/:sessionId/window</name>
                            <title>DELETE /session/:sessionId/window</title>
                            <attachments/>
                            <steps/>
                        </step>
                    </steps>
                </step>
            </steps>
            <attachments/>
        </test-case>
    </test-cases>
</ns2:test-suite>