<?xml version='1.0'?>
<ns2:test-suite xmlns:ns2='urn:model.allure.qatools.yandex.ru' start='1677035481626' stop='1677035489307'>
    <name>Category: Successfully Add new category</name>
    <title>Category: Successfully Add new category</title>
    <test-cases>
        <test-case start='1677035481626' status='passed' stop='1677035481626'>
            <name></name>
            <title></title>
            <labels>
                <label name='language' value='javascript'/>
                <label name='framework' value='wdio'/>
                <label name='thread' value='0-0'/>
            </labels>
            <parameters>
                <parameter kind='argument' name='browser' value='chrome-110.0.5481.104'/>
            </parameters>
            <steps/>
            <attachments/>
        </test-case>
        <test-case start='1677035481627' status='passed' stop='1677035484970'>
            <name>Given I am on the login page</name>
            <title>Given I am on the login page</title>
            <labels>
                <label name='language' value='javascript'/>
                <label name='framework' value='wdio'/>
                <label name='thread' value='0-0'/>
            </labels>
            <parameters>
                <parameter kind='argument' name='browser' value='chrome-110.0.5481.104'/>
            </parameters>
            <steps>
                <step start='1677035481628' status='passed' stop='1677035484937'>
                    <name>POST /session/:sessionId/url</name>
                    <title>POST /session/:sessionId/url</title>
                    <attachments>
                        <attachment title='Request' source='89397544-a257-4b2b-b4fb-6d3edcf086ab-attachment.json' type='application/json' size='47'/>
                    </attachments>
                    <steps/>
                </step>
            </steps>
            <attachments/>
        </test-case>
        <test-case start='1677035484970' status='passed' stop='1677035486702'>
            <name>When I input &lt;email> as email</name>
            <title>When I input &lt;email> as email</title>
            <labels>
                <label name='language' value='javascript'/>
                <label name='framework' value='wdio'/>
                <label name='thread' value='0-0'/>
            </labels>
            <parameters>
                <parameter kind='argument' name='browser' value='chrome-110.0.5481.104'/>
            </parameters>
            <steps>
                <step start='1677035484973' status='passed' stop='1677035485508'>
                    <name>POST /session/:sessionId/element</name>
                    <title>POST /session/:sessionId/element</title>
                    <attachments>
                        <attachment title='Request' source='f29a7543-28fa-407f-9d25-867266251198-attachment.json' type='application/json' size='50'/>
                        <attachment title='Response' source='99bb384e-039d-4fc7-926c-34edbed260e2-attachment.json' type='application/json' size='83'/>
                    </attachments>
                    <steps/>
                </step>
                <step start='1677035485512' status='passed' stop='1677035485704'>
                    <name>POST /session/:sessionId/element/7a6dd5c3-1229-48db-81f0-e1e33c26c7eb/clear</name>
                    <title>POST /session/:sessionId/element/7a6dd5c3-1229-48db-81f0-e1e33c26c7eb/clear</title>
                    <attachments/>
                    <steps/>
                </step>
                <step start='1677035485705' status='passed' stop='1677035486701'>
                    <name>POST /session/:sessionId/element/7a6dd5c3-1229-48db-81f0-e1e33c26c7eb/value</name>
                    <title>POST /session/:sessionId/element/7a6dd5c3-1229-48db-81f0-e1e33c26c7eb/value</title>
                    <attachments>
                        <attachment title='Request' source='00e8ba89-c1a3-4f7b-8f3c-85373fa8beab-attachment.json' type='application/json' size='23'/>
                    </attachments>
                    <steps/>
                </step>
            </steps>
            <attachments/>
        </test-case>
        <test-case start='1677035486702' status='passed' stop='1677035488136'>
            <name>When I input &lt;password> as password</name>
            <title>When I input &lt;password> as password</title>
            <labels>
                <label name='language' value='javascript'/>
                <label name='framework' value='wdio'/>
                <label name='thread' value='0-0'/>
            </labels>
            <parameters>
                <parameter kind='argument' name='browser' value='chrome-110.0.5481.104'/>
            </parameters>
            <steps>
                <step start='1677035486703' status='passed' stop='1677035486826'>
                    <name>POST /session/:sessionId/element</name>
                    <title>POST /session/:sessionId/element</title>
                    <attachments>
                        <attachment title='Request' source='364c8c5a-a917-49ba-be77-68dbf559f680-attachment.json' type='application/json' size='53'/>
                        <attachment title='Response' source='1f28a12b-cf41-4261-8685-0238800d1df9-attachment.json' type='application/json' size='83'/>
                    </attachments>
                    <steps/>
                </step>
                <step start='1677035486830' status='passed' stop='1677035487231'>
                    <name>POST /session/:sessionId/element/9657507a-14e0-45da-ae7d-abbadddee815/clear</name>
                    <title>POST /session/:sessionId/element/9657507a-14e0-45da-ae7d-abbadddee815/clear</title>
                    <attachments/>
                    <steps/>
                </step>
                <step start='1677035487232' status='passed' stop='1677035488135'>
                    <name>POST /session/:sessionId/element/9657507a-14e0-45da-ae7d-abbadddee815/value</name>
                    <title>POST /session/:sessionId/element/9657507a-14e0-45da-ae7d-abbadddee815/value</title>
                    <attachments>
                        <attachment title='Request' source='1b3135c5-5a3e-48af-9c84-ef0f619c13c6-attachment.json' type='application/json' size='26'/>
                    </attachments>
                    <steps/>
                </step>
            </steps>
            <attachments/>
        </test-case>
        <test-case start='1677035488136' status='passed' stop='1677035489297'>
            <name>When I click button submit</name>
            <title>When I click button submit</title>
            <labels>
                <label name='language' value='javascript'/>
                <label name='framework' value='wdio'/>
                <label name='thread' value='0-0'/>
            </labels>
            <parameters>
                <parameter kind='argument' name='browser' value='chrome-110.0.5481.104'/>
            </parameters>
            <steps>
                <step start='1677035488137' status='passed' stop='1677035488407'>
                    <name>POST /session/:sessionId/element</name>
                    <title>POST /session/:sessionId/element</title>
                    <attachments>
                        <attachment title='Request' source='50b99bf2-d2d9-403c-91cb-ee83899715b0-attachment.json' type='application/json' size='63'/>
                        <attachment title='Response' source='6479d808-4925-4d3a-8eaa-f17764cb090a-attachment.json' type='application/json' size='83'/>
                    </attachments>
                    <steps/>
                </step>
                <step start='1677035488415' status='passed' stop='1677035489294'>
                    <name>POST /session/:sessionId/element/8574ac32-ba48-498b-94bd-a13597b644ae/click</name>
                    <title>POST /session/:sessionId/element/8574ac32-ba48-498b-94bd-a13597b644ae/click</title>
                    <attachments/>
                    <steps/>
                </step>
            </steps>
            <attachments/>
        </test-case>
        <test-case start='1677035489297' status='broken' stop='1677035489300'>
            <name>Then I should see dashboard page</name>
            <title>Then I should see dashboard page</title>
            <labels>
                <label name='language' value='javascript'/>
                <label name='framework' value='wdio'/>
                <label name='thread' value='0-0'/>
            </labels>
            <parameters>
                <parameter kind='argument' name='browser' value='chrome-110.0.5481.104'/>
            </parameters>
            <steps/>
            <attachments/>
            <failure>
                <message>function has 0 arguments, should have 1 (if synchronous or returning a promise) or 2 (if accepting a callback)</message>
                <stack-trace>function has 0 arguments, should have 1 (if synchronous or returning a promise) or 2 (if accepting a callback)</stack-trace>
            </failure>
        </test-case>
        <test-case start='1677035489300' status='broken' stop='1677035489302'>
            <name>Given I am on pengguna page</name>
            <title>Given I am on pengguna page</title>
            <labels>
                <label name='language' value='javascript'/>
                <label name='framework' value='wdio'/>
                <label name='thread' value='0-0'/>
            </labels>
            <parameters>
                <parameter kind='argument' name='browser' value='chrome-110.0.5481.104'/>
            </parameters>
            <steps/>
            <attachments/>
            <failure>
                <message>Step "I am on pengguna page" is not defined. You can ignore this error by setting cucumberOpts.ignoreUndefinedDefinitions as true.</message>
                <stack-trace>Step "I am on pengguna page" is not defined. You can ignore this error by setting cucumberOpts.ignoreUndefinedDefinitions as true.
                	at Feature(C:\Users\User\wdioCucumberTs\features\category.feature):1:1
                	at Scenario(Successfully Add new category):24:1
                	at Step(I am on pengguna page):26:5
                </stack-trace>
            </failure>
        </test-case>
        <test-case start='1677035489303' status='pending' stop='1677035489303'>
            <name>When I click button tambah</name>
            <title>When I click button tambah</title>
            <labels>
                <label name='language' value='javascript'/>
                <label name='framework' value='wdio'/>
                <label name='thread' value='0-0'/>
            </labels>
            <parameters>
                <parameter kind='argument' name='browser' value='chrome-110.0.5481.104'/>
            </parameters>
            <steps/>
            <attachments/>
        </test-case>
        <test-case start='1677035489303' status='broken' stop='1677035489304'>
            <name>When I input  as nama</name>
            <title>When I input  as nama</title>
            <labels>
                <label name='language' value='javascript'/>
                <label name='framework' value='wdio'/>
                <label name='thread' value='0-0'/>
            </labels>
            <parameters>
                <parameter kind='argument' name='browser' value='chrome-110.0.5481.104'/>
            </parameters>
            <steps/>
            <attachments/>
            <failure>
                <message>Step "I input  as nama" is not defined. You can ignore this error by setting cucumberOpts.ignoreUndefinedDefinitions as true.</message>
                <stack-trace>Step "I input  as nama" is not defined. You can ignore this error by setting cucumberOpts.ignoreUndefinedDefinitions as true.
                	at Feature(C:\Users\User\wdioCucumberTs\features\category.feature):1:1
                	at Scenario(Successfully Add new category):24:1
                	at Step(I input &lt;nama> as nama):28:5
                </stack-trace>
            </failure>
        </test-case>
        <test-case start='1677035489304' status='broken' stop='1677035489305'>
            <name>When I input  as description</name>
            <title>When I input  as description</title>
            <labels>
                <label name='language' value='javascript'/>
                <label name='framework' value='wdio'/>
                <label name='thread' value='0-0'/>
            </labels>
            <parameters>
                <parameter kind='argument' name='browser' value='chrome-110.0.5481.104'/>
            </parameters>
            <steps/>
            <attachments/>
            <failure>
                <message>Step "I input  as description" is not defined. You can ignore this error by setting cucumberOpts.ignoreUndefinedDefinitions as true.</message>
                <stack-trace>Step "I input  as description" is not defined. You can ignore this error by setting cucumberOpts.ignoreUndefinedDefinitions as true.
                	at Feature(C:\Users\User\wdioCucumberTs\features\category.feature):1:1
                	at Scenario(Successfully Add new category):24:1
                	at Step(I input &lt;deskripsi> as description):29:5
                </stack-trace>
            </failure>
        </test-case>
        <test-case start='1677035489305' status='pending' stop='1677035489306'>
            <name>Then I should see error message</name>
            <title>Then I should see error message</title>
            <labels>
                <label name='language' value='javascript'/>
                <label name='framework' value='wdio'/>
                <label name='thread' value='0-0'/>
            </labels>
            <parameters>
                <parameter kind='argument' name='browser' value='chrome-110.0.5481.104'/>
            </parameters>
            <steps/>
            <attachments/>
        </test-case>
        <test-case start='1677035489306' status='passed' stop='1677035489307'>
            <name></name>
            <title></title>
            <labels>
                <label name='language' value='javascript'/>
                <label name='framework' value='wdio'/>
                <label name='thread' value='0-0'/>
            </labels>
            <parameters>
                <parameter kind='argument' name='browser' value='chrome-110.0.5481.104'/>
            </parameters>
            <steps/>
            <attachments/>
        </test-case>
    </test-cases>
</ns2:test-suite>