<?xml version='1.0'?>
<ns2:test-suite xmlns:ns2='urn:model.allure.qatools.yandex.ru' start='1677035636868' stop='1677035647064'>
    <name>Category: un Add new category</name>
    <title>Category: un Add new category</title>
    <test-cases>
        <test-case start='1677035636868' status='passed' stop='1677035636869'>
            <name></name>
            <title></title>
            <labels>
                <label name='language' value='javascript'/>
                <label name='framework' value='wdio'/>
                <label name='thread' value='0-0'/>
            </labels>
            <parameters>
                <parameter kind='argument' name='browser' value='chrome-110.0.5481.104'/>
            </parameters>
            <steps/>
            <attachments/>
        </test-case>
        <test-case start='1677035636869' status='passed' stop='1677035640381'>
            <name>Given I am on the login page</name>
            <title>Given I am on the login page</title>
            <labels>
                <label name='language' value='javascript'/>
                <label name='framework' value='wdio'/>
                <label name='thread' value='0-0'/>
            </labels>
            <parameters>
                <parameter kind='argument' name='browser' value='chrome-110.0.5481.104'/>
            </parameters>
            <steps>
                <step start='1677035636871' status='passed' stop='1677035637419'>
                    <name>POST /session/:sessionId/url</name>
                    <title>POST /session/:sessionId/url</title>
                    <attachments>
                        <attachment title='Request' source='f2e685db-9eea-4feb-951f-ccae0ffe8623-attachment.json' type='application/json' size='47'/>
                        <attachment title='Response' source='9bce0ccb-8d65-4d0c-bda0-ca1b8384cda4-attachment.json' type='application/json' size='10'/>
                    </attachments>
                    <steps/>
                </step>
                <step start='1677035638127' status='passed' stop='1677035640365'>
                    <name>GET /session/:sessionId/url</name>
                    <title>GET /session/:sessionId/url</title>
                    <attachments/>
                    <steps/>
                </step>
            </steps>
            <attachments>
                <attachment title='Response' source='f99a367c-8a4b-4499-9e29-395f886db404-attachment.json' type='application/json' size='39'/>
            </attachments>
        </test-case>
        <test-case start='1677035640381' status='passed' stop='1677035644267'>
            <name>When I input "rahmansopian6@gmail.com" as email</name>
            <title>When I input "rahmansopian6@gmail.com" as email</title>
            <labels>
                <label name='language' value='javascript'/>
                <label name='framework' value='wdio'/>
                <label name='thread' value='0-0'/>
            </labels>
            <parameters>
                <parameter kind='argument' name='browser' value='chrome-110.0.5481.104'/>
            </parameters>
            <steps>
                <step start='1677035640383' status='passed' stop='1677035640769'>
                    <name>POST /session/:sessionId/element</name>
                    <title>POST /session/:sessionId/element</title>
                    <attachments>
                        <attachment title='Request' source='da75234a-cf0d-4dae-995d-4aa40f862508-attachment.json' type='application/json' size='50'/>
                        <attachment title='Response' source='b8ea39ca-a0f6-432b-ba60-71472e1e208e-attachment.json' type='application/json' size='39'/>
                    </attachments>
                    <steps/>
                </step>
                <step start='1677035641117' status='undefined'>
                    <name>POST /session/:sessionId/element/bcee0745-6a66-47c6-a6ca-0824f4b42ad7/clear</name>
                    <title>POST /session/:sessionId/element/bcee0745-6a66-47c6-a6ca-0824f4b42ad7/clear</title>
                    <attachments/>
                    <steps>
                        <step start='1677035641286' status='passed' stop='1677035641888'>
                            <name>GET /session/:sessionId/url</name>
                            <title>GET /session/:sessionId/url</title>
                            <attachments/>
                            <steps/>
                        </step>
                        <step start='1677035641888' status='passed' stop='1677035642339'>
                            <name>POST /session/:sessionId/element/bcee0745-6a66-47c6-a6ca-0824f4b42ad7/value</name>
                            <title>POST /session/:sessionId/element/bcee0745-6a66-47c6-a6ca-0824f4b42ad7/value</title>
                            <attachments>
                                <attachment title='Request' source='84695d57-f9e0-44e4-b957-d1c8fbe5bae2-attachment.json' type='application/json' size='43'/>
                                <attachment title='Response' source='2d269dab-f060-445e-b51f-2abb4590c62f-attachment.json' type='application/json' size='39'/>
                            </attachments>
                            <steps/>
                        </step>
                        <step start='1677035642860' status='passed' stop='1677035644267'>
                            <name>GET /session/:sessionId/url</name>
                            <title>GET /session/:sessionId/url</title>
                            <attachments/>
                            <steps/>
                        </step>
                    </steps>
                </step>
            </steps>
            <attachments>
                <attachment title='Response' source='7a8b660d-1f6a-41da-b554-b26a159c5091-attachment.json' type='application/json' size='83'/>
            </attachments>
        </test-case>
        <test-case start='1677035644268' status='passed' stop='1677035646047'>
            <name>When I input "P@ssw0rd" as password</name>
            <title>When I input "P@ssw0rd" as password</title>
            <labels>
                <label name='language' value='javascript'/>
                <label name='framework' value='wdio'/>
                <label name='thread' value='0-0'/>
            </labels>
            <parameters>
                <parameter kind='argument' name='browser' value='chrome-110.0.5481.104'/>
            </parameters>
            <steps>
                <step start='1677035644270' status='passed' stop='1677035644343'>
                    <name>POST /session/:sessionId/element</name>
                    <title>POST /session/:sessionId/element</title>
                    <attachments>
                        <attachment title='Request' source='26e8758e-3c33-443e-b9f5-cbc9c7771a2b-attachment.json' type='application/json' size='53'/>
                        <attachment title='Response' source='6f94c97a-0b27-45ab-8139-993ac812cc70-attachment.json' type='application/json' size='39'/>
                    </attachments>
                    <steps/>
                </step>
                <step start='1677035644543' status='passed' stop='1677035644839'>
                    <name>POST /session/:sessionId/element/201d63a8-0f4d-49e2-9280-7fd3424474a9/clear</name>
                    <title>POST /session/:sessionId/element/201d63a8-0f4d-49e2-9280-7fd3424474a9/clear</title>
                    <attachments/>
                    <steps/>
                </step>
                <step start='1677035644839' status='undefined'>
                    <name>POST /session/:sessionId/element/201d63a8-0f4d-49e2-9280-7fd3424474a9/value</name>
                    <title>POST /session/:sessionId/element/201d63a8-0f4d-49e2-9280-7fd3424474a9/value</title>
                    <attachments>
                        <attachment title='Request' source='275b5de8-59a6-48bc-9c10-76a13d6fa1ad-attachment.json' type='application/json' size='28'/>
                    </attachments>
                    <steps>
                        <step start='1677035644847' status='passed' stop='1677035646047'>
                            <name>GET /session/:sessionId/url</name>
                            <title>GET /session/:sessionId/url</title>
                            <attachments/>
                            <steps/>
                        </step>
                    </steps>
                </step>
            </steps>
            <attachments>
                <attachment title='Response' source='75b139f6-a924-4b79-91ee-4bc783d2eecf-attachment.json' type='application/json' size='83'/>
            </attachments>
        </test-case>
        <test-case start='1677035646047' status='failed' stop='1677035646975'>
            <name>When I click button submit</name>
            <title>When I click button submit</title>
            <labels>
                <label name='language' value='javascript'/>
                <label name='framework' value='wdio'/>
                <label name='thread' value='0-0'/>
            </labels>
            <parameters>
                <parameter kind='argument' name='browser' value='chrome-110.0.5481.104'/>
            </parameters>
            <steps>
                <step start='1677035646049' status='passed' stop='1677035646424'>
                    <name>POST /session/:sessionId/element</name>
                    <title>POST /session/:sessionId/element</title>
                    <attachments>
                        <attachment title='Request' source='18fdbfe0-356b-43d3-a94d-819cb1c3aebc-attachment.json' type='application/json' size='63'/>
                        <attachment title='Response' source='a1d90940-f905-4e51-aec9-bfd3c910d914-attachment.json' type='application/json' size='39'/>
                    </attachments>
                    <steps/>
                </step>
                <step start='1677035646677' status='failed' stop='1677035646975'>
                    <name>POST /session/:sessionId/element/f4dc1a4b-594b-4982-bd19-5cea253bfcf5/click</name>
                    <title>POST /session/:sessionId/element/f4dc1a4b-594b-4982-bd19-5cea253bfcf5/click</title>
                    <attachments/>
                    <steps/>
                </step>
            </steps>
            <attachments>
                <attachment title='Response' source='b554c6f9-8abe-4f36-9fed-ee226c2c946c-attachment.json' type='application/json' size='83'/>
            </attachments>
            <failure>
                <message>Error: Expect window to have url</message>
                <stack-trace>Error: Expect window to have url
                
                Expected: "https://kasirdemo.belajarqa.com/dashboard"
                Received: "https://kasirdemo.belajarqa.com/login"
                    at World.&lt;anonymous> (C:\Users\User\wdioCucumberTs\features\step-definitions\login.step.ts:24:21)
                    at World.executeAsync (file:///C:/Users/User/wdioCucumberTs/node_modules/@wdio/utils/build/shim.js:224:27)
                    at World.testFrameworkFnWrapper (file:///C:/Users/User/wdioCucumberTs/node_modules/@wdio/utils/build/test-framework/testFnWrapper.js:43:37)
                    at processTicksAndRejections (node:internal/process/task_queues:96:5)
                    at async wrapPromiseWithTimeout (C:\Users\User\wdioCucumberTs\node_modules\@cucumber\cucumber\src\time.ts:63:10)
                    at async Object.run (C:\Users\User\wdioCucumberTs\node_modules\@cucumber\cucumber\src\user_code_runner.ts:86:16)
                    at async Object.run (C:\Users\User\wdioCucumberTs\node_modules\@cucumber\cucumber\src\runtime\step_runner.ts:50:20)
                    at async TestCaseRunner.invokeStep (C:\Users\User\wdioCucumberTs\node_modules\@cucumber\cucumber\src\runtime\test_case_runner.ts:130:12)
                    at async TestCaseRunner.runStep (C:\Users\User\wdioCucumberTs\node_modules\@cucumber\cucumber\src\runtime\test_case_runner.ts:312:20)
                    at async C:\Users\User\wdioCucumberTs\node_modules\@cucumber\cucumber\src\runtime\test_case_runner.ts:214:36</stack-trace>
            </failure>
        </test-case>
        <test-case start='1677035646975' status='pending' stop='1677035646976'>
            <name>Then I should see dashboard page</name>
            <title>Then I should see dashboard page</title>
            <labels>
                <label name='language' value='javascript'/>
                <label name='framework' value='wdio'/>
                <label name='thread' value='0-0'/>
            </labels>
            <parameters>
                <parameter kind='argument' name='browser' value='chrome-110.0.5481.104'/>
            </parameters>
            <steps/>
            <attachments/>
        </test-case>
        <test-case start='1677035647057' status='broken' stop='1677035647058'>
            <name>Given I am on pengguna page</name>
            <title>Given I am on pengguna page</title>
            <labels>
                <label name='language' value='javascript'/>
                <label name='framework' value='wdio'/>
                <label name='thread' value='0-0'/>
            </labels>
            <parameters>
                <parameter kind='argument' name='browser' value='chrome-110.0.5481.104'/>
            </parameters>
            <steps/>
            <attachments/>
            <failure>
                <message>Step "I am on pengguna page" is not defined. You can ignore this error by setting cucumberOpts.ignoreUndefinedDefinitions as true.</message>
                <stack-trace>Step "I am on pengguna page" is not defined. You can ignore this error by setting cucumberOpts.ignoreUndefinedDefinitions as true.
                	at Feature(C:\Users\User\wdioCucumberTs\features\category.feature):1:1
                	at Scenario(un Add new category):22:1
                	at Step(I am on pengguna page):24:5
                </stack-trace>
            </failure>
        </test-case>
        <test-case start='1677035647058' status='pending' stop='1677035647059'>
            <name>When I click button tambah</name>
            <title>When I click button tambah</title>
            <labels>
                <label name='language' value='javascript'/>
                <label name='framework' value='wdio'/>
                <label name='thread' value='0-0'/>
            </labels>
            <parameters>
                <parameter kind='argument' name='browser' value='chrome-110.0.5481.104'/>
            </parameters>
            <steps/>
            <attachments/>
        </test-case>
        <test-case start='1677035647059' status='broken' stop='1677035647059'>
            <name>When I input  as nama</name>
            <title>When I input  as nama</title>
            <labels>
                <label name='language' value='javascript'/>
                <label name='framework' value='wdio'/>
                <label name='thread' value='0-0'/>
            </labels>
            <parameters>
                <parameter kind='argument' name='browser' value='chrome-110.0.5481.104'/>
            </parameters>
            <steps/>
            <attachments/>
            <failure>
                <message>Step "I input  as nama" is not defined. You can ignore this error by setting cucumberOpts.ignoreUndefinedDefinitions as true.</message>
                <stack-trace>Step "I input  as nama" is not defined. You can ignore this error by setting cucumberOpts.ignoreUndefinedDefinitions as true.
                	at Feature(C:\Users\User\wdioCucumberTs\features\category.feature):1:1
                	at Scenario(un Add new category):22:1
                	at Step(I input &lt;nama> as nama):26:5
                </stack-trace>
            </failure>
        </test-case>
        <test-case start='1677035647059' status='broken' stop='1677035647061'>
            <name>When I input  as description</name>
            <title>When I input  as description</title>
            <labels>
                <label name='language' value='javascript'/>
                <label name='framework' value='wdio'/>
                <label name='thread' value='0-0'/>
            </labels>
            <parameters>
                <parameter kind='argument' name='browser' value='chrome-110.0.5481.104'/>
            </parameters>
            <steps/>
            <attachments/>
            <failure>
                <message>Step "I input  as description" is not defined. You can ignore this error by setting cucumberOpts.ignoreUndefinedDefinitions as true.</message>
                <stack-trace>Step "I input  as description" is not defined. You can ignore this error by setting cucumberOpts.ignoreUndefinedDefinitions as true.
                	at Feature(C:\Users\User\wdioCucumberTs\features\category.feature):1:1
                	at Scenario(un Add new category):22:1
                	at Step(I input &lt;deskripsi> as description):27:5
                </stack-trace>
            </failure>
        </test-case>
        <test-case start='1677035647061' status='pending' stop='1677035647063'>
            <name>Then I should see error message</name>
            <title>Then I should see error message</title>
            <labels>
                <label name='language' value='javascript'/>
                <label name='framework' value='wdio'/>
                <label name='thread' value='0-0'/>
            </labels>
            <parameters>
                <parameter kind='argument' name='browser' value='chrome-110.0.5481.104'/>
            </parameters>
            <steps/>
            <attachments/>
        </test-case>
        <test-case start='1677035647063' status='passed' stop='1677035647064'>
            <name></name>
            <title></title>
            <labels>
                <label name='language' value='javascript'/>
                <label name='framework' value='wdio'/>
                <label name='thread' value='0-0'/>
            </labels>
            <parameters>
                <parameter kind='argument' name='browser' value='chrome-110.0.5481.104'/>
            </parameters>
            <steps/>
            <attachments/>
        </test-case>
    </test-cases>
</ns2:test-suite>